<?xml version="1.0" encoding="UTF-8"?>
<!-- Generated by org.testng.reporters.JUnitReportReporter -->
<testsuite hostname="Tezs-MacBook-Pro.local" failures="0" tests="1" name="Docker.ChromeTest1" time="1.644" errors="0" timestamp="2025-10-07T16:45:22 EDT" skipped="0">
  <testcase classname="Docker.ChromeTest1" name="Test" time="1.644"/>
</testsuite> <!-- Docker.ChromeTest1 -->
