<?xml version="1.0" encoding="UTF-8"?>
<!-- Generated by org.testng.reporters.JUnitReportReporter -->
<testsuite hostname="Tezs-MacBook-Pro.local" failures="0" tests="1" name="Docker.ChromeTest3" time="1.041" errors="0" timestamp="2025-10-05T09:53:10 EDT" skipped="0">
  <testcase classname="Docker.ChromeTest3" name="Test" time="1.041"/>
</testsuite> <!-- Docker.ChromeTest3 -->
