<?xml version="1.0" encoding="UTF-8"?>
<!-- Generated by org.testng.reporters.JUnitReportReporter -->
<testsuite hostname="Tezs-MacBook-Pro.local" failures="0" tests="2" name="Docker.SetUpDockerGrid" time="40.023" errors="0" timestamp="2025-10-07T21:25:42 EDT" skipped="0">
  <testcase classname="Docker.SetUpDockerGrid" name="startDockerGrid" time="20.014"/>
  <testcase classname="Docker.SetUpDockerGrid" name="stopDockerGrid" time="20.009"/>
</testsuite> <!-- Docker.SetUpDockerGrid -->
