<?xml version="1.0" encoding="UTF-8"?>
<!-- Generated by org.testng.reporters.JUnitReportReporter -->
<testsuite hostname="Tezs-MacBook-Pro.local" failures="0" tests="1" name="Docker.ChromeTest2" time="1.382" errors="0" timestamp="2025-10-05T09:53:10 EDT" skipped="0">
  <testcase classname="Docker.ChromeTest2" name="Test" time="1.382"/>
</testsuite> <!-- Docker.ChromeTest2 -->
