<?xml version="1.0" encoding="UTF-8"?>
<!-- Generated by org.testng.reporters.JUnitReportReporter -->
<testsuite hostname="Tezs-MacBook-Pro.local" failures="0" tests="2" name="Docker.SetUpDockerGrid" time="7.028" errors="0" timestamp="2025-10-07T17:17:56 EDT" skipped="0">
  <testcase classname="Docker.SetUpDockerGrid" name="startDockerGrid" time="2.016"/>
  <testcase classname="Docker.SetUpDockerGrid" name="stopDockerGrid" time="5.012"/>
</testsuite> <!-- Docker.SetUpDockerGrid -->
