<?xml version="1.0" encoding="UTF-8"?>
<!-- Generated by org.testng.reporters.JUnitReportReporter -->
<testsuite hostname="Tezs-MacBook-Pro.local" failures="0" tests="1" name="Docker.FireFoxTest4" time="3.678" errors="0" timestamp="2025-10-05T09:53:10 EDT" skipped="0">
  <testcase classname="Docker.FireFoxTest4" name="Test" time="3.678"/>
</testsuite> <!-- Docker.FireFoxTest4 -->
